have_library: checking for t_open() in -lnsl... -------------------- no

"gcc -o conftest -I../.. -I../../. -I../.././ext/tk    -g -O2  -fPIC   conftest.c  -L. -L../.. -L.  -rdynamic -Wl,-export-dynamic     -lruby-static -lnsl  -lrt -ldl -lcrypt -lm   -lc"
conftest.c: В функции «t»:
conftest.c:3:53: ошибка: «t_open» undeclared (first use in this function)
conftest.c:3:53: замечание: each undeclared identifier is reported only once for each function it appears in
checked program was:
/* begin */
1: /*top*/
2: int main() { return 0; }
3: int t() { void ((*volatile p)()); p = (void ((*)()))t_open; return 0; }
/* end */

"gcc -o conftest -I../.. -I../../. -I../.././ext/tk    -g -O2  -fPIC   conftest.c  -L. -L../.. -L.  -rdynamic -Wl,-export-dynamic     -lruby-static -lnsl  -lrt -ldl -lcrypt -lm   -lc"
/tmp/ccGL2IhS.o: In function `t':
/home/kostia/.rvm/src/ruby-1.8.7-p302/ext/tk/conftest.c:3: undefined reference to `t_open'
collect2: выполнение ld завершилось с кодом возврата 1
checked program was:
/* begin */
1: /*top*/
2: int main() { return 0; }
3: int t() { t_open(); return 0; }
/* end */

--------------------

have_library: checking for socket() in -lsocket... -------------------- no

"gcc -o conftest -I../.. -I../../. -I../.././ext/tk    -g -O2  -fPIC   conftest.c  -L. -L../.. -L.  -rdynamic -Wl,-export-dynamic     -lruby-static -lsocket  -lrt -ldl -lcrypt -lm   -lc"
conftest.c: В функции «t»:
conftest.c:3:53: ошибка: «socket» undeclared (first use in this function)
conftest.c:3:53: замечание: each undeclared identifier is reported only once for each function it appears in
checked program was:
/* begin */
1: /*top*/
2: int main() { return 0; }
3: int t() { void ((*volatile p)()); p = (void ((*)()))socket; return 0; }
/* end */

"gcc -o conftest -I../.. -I../../. -I../.././ext/tk    -g -O2  -fPIC   conftest.c  -L. -L../.. -L.  -rdynamic -Wl,-export-dynamic     -lruby-static -lsocket  -lrt -ldl -lcrypt -lm   -lc"
/usr/bin/ld: cannot find -lsocket
collect2: выполнение ld завершилось с кодом возврата 1
checked program was:
/* begin */
1: /*top*/
2: int main() { return 0; }
3: int t() { socket(); return 0; }
/* end */

--------------------

have_library: checking for dlopen() in -ldl... -------------------- yes

"gcc -o conftest -I../.. -I../../. -I../.././ext/tk    -g -O2  -fPIC   conftest.c  -L. -L../.. -L.  -rdynamic -Wl,-export-dynamic     -lruby-static -ldl  -lrt -ldl -lcrypt -lm   -lc"
conftest.c: В функции «t»:
conftest.c:3:53: ошибка: «dlopen» undeclared (first use in this function)
conftest.c:3:53: замечание: each undeclared identifier is reported only once for each function it appears in
checked program was:
/* begin */
1: /*top*/
2: int main() { return 0; }
3: int t() { void ((*volatile p)()); p = (void ((*)()))dlopen; return 0; }
/* end */

"gcc -o conftest -I../.. -I../../. -I../.././ext/tk    -g -O2  -fPIC   conftest.c  -L. -L../.. -L.  -rdynamic -Wl,-export-dynamic     -lruby-static -ldl  -lrt -ldl -lcrypt -lm   -lc"
checked program was:
/* begin */
1: /*top*/
2: int main() { return 0; }
3: int t() { dlopen(); return 0; }
/* end */

--------------------

have_library: checking for log() in -lm... -------------------- no

"gcc -o conftest -I../.. -I../../. -I../.././ext/tk    -g -O2  -fPIC   conftest.c  -L. -L../.. -L.  -rdynamic -Wl,-export-dynamic    -ldl  -lruby-static -lm -ldl  -lrt -ldl -lcrypt -lm   -lc"
conftest.c: В функции «t»:
conftest.c:3:53: ошибка: «log» undeclared (first use in this function)
conftest.c:3:53: замечание: each undeclared identifier is reported only once for each function it appears in
checked program was:
/* begin */
1: /*top*/
2: int main() { return 0; }
3: int t() { void ((*volatile p)()); p = (void ((*)()))log; return 0; }
/* end */

"gcc -o conftest -I../.. -I../../. -I../.././ext/tk    -g -O2  -fPIC   conftest.c  -L. -L../.. -L.  -rdynamic -Wl,-export-dynamic    -ldl  -lruby-static -lm -ldl  -lrt -ldl -lcrypt -lm   -lc"
conftest.c: В функции «t»:
conftest.c:3:11: предупреждение: несовместимая неявная декларация внутренней функции «log» [по умолчанию включена]
conftest.c:3:1: ошибка: слишком мало аргументов в вызове функции «log»
checked program was:
/* begin */
1: /*top*/
2: int main() { return 0; }
3: int t() { log(); return 0; }
/* end */

--------------------

have_header: checking for tcl.h... -------------------- no

"gcc -E -I../.. -I../../. -I../.././ext/tk    -g -O2  -fPIC    conftest.c -o conftest.i"
conftest.c:1:17: фатальная ошибка: tcl.h: Нет такого файла или каталога
компиляция прервана.
checked program was:
/* begin */
1: #include <tcl.h>
/* end */

--------------------

