have_library: checking for gdbm_open() in -lgdbm... -------------------- no

"gcc -o conftest -I../.. -I../../. -I../.././ext/gdbm    -g -O2  -fPIC   conftest.c  -L. -L../.. -L.  -rdynamic -Wl,-export-dynamic     -lruby-static -lgdbm  -lrt -ldl -lcrypt -lm   -lc"
conftest.c: В функции «t»:
conftest.c:3:53: ошибка: «gdbm_open» undeclared (first use in this function)
conftest.c:3:53: замечание: each undeclared identifier is reported only once for each function it appears in
checked program was:
/* begin */
1: /*top*/
2: int main() { return 0; }
3: int t() { void ((*volatile p)()); p = (void ((*)()))gdbm_open; return 0; }
/* end */

"gcc -o conftest -I../.. -I../../. -I../.././ext/gdbm    -g -O2  -fPIC   conftest.c  -L. -L../.. -L.  -rdynamic -Wl,-export-dynamic     -lruby-static -lgdbm  -lrt -ldl -lcrypt -lm   -lc"
/usr/bin/ld: cannot find -lgdbm
collect2: выполнение ld завершилось с кодом возврата 1
checked program was:
/* begin */
1: /*top*/
2: int main() { return 0; }
3: int t() { gdbm_open(); return 0; }
/* end */

--------------------

