2012-10-27 11:37:41,411 - ubuntuone.credentials - INFO - Starting Ubuntu One login manager for bus u'com.ubuntuone.Credentials'.
2012-10-27 11:41:10,583 - ubuntuone.credentials - DEBUG - Handling DBus signal for member: u'CredentialsNotFound', app_name: dbus.String(u'Ubuntu Software Center').
2012-10-27 11:41:10,583 - ubuntuone.credentials - INFO - Received u'CredentialsNotFound' but app_name dbus.String(u'Ubuntu Software Center') does not match u'Ubuntu One', exiting.
2012-10-27 11:46:10,820 - ubuntuone.credentials - DEBUG - Handling DBus signal for member: u'CredentialsNotFound', app_name: dbus.String(u'Ubuntu Software Center').
2012-10-27 11:46:10,820 - ubuntuone.credentials - INFO - Received u'CredentialsNotFound' but app_name dbus.String(u'Ubuntu Software Center') does not match u'Ubuntu One', exiting.
2012-10-27 12:11:41,266 - ubuntuone.credentials - DEBUG - Handling DBus signal for member: u'CredentialsNotFound', app_name: dbus.String(u'Ubuntu Software Center').
2012-10-27 12:11:41,266 - ubuntuone.credentials - INFO - Received u'CredentialsNotFound' but app_name dbus.String(u'Ubuntu Software Center') does not match u'Ubuntu One', exiting.
2012-10-27 12:16:42,224 - ubuntuone.credentials - DEBUG - Handling DBus signal for member: u'CredentialsNotFound', app_name: dbus.String(u'Ubuntu Software Center').
2012-10-27 12:16:42,224 - ubuntuone.credentials - INFO - Received u'CredentialsNotFound' but app_name dbus.String(u'Ubuntu Software Center') does not match u'Ubuntu One', exiting.
2012-10-27 13:18:33,346 - ubuntuone.credentials - DEBUG - Handling DBus signal for member: u'CredentialsNotFound', app_name: dbus.String(u'Ubuntu Software Center').
2012-10-27 13:18:33,346 - ubuntuone.credentials - INFO - Received u'CredentialsNotFound' but app_name dbus.String(u'Ubuntu Software Center') does not match u'Ubuntu One', exiting.
2012-10-27 16:41:16,274 - ubuntuone.credentials - INFO - Starting Ubuntu One login manager for bus u'com.ubuntuone.Credentials'.
2012-10-27 16:41:16,284 - ubuntuone.credentials - DEBUG - ref_count is 0, changing value to 1.
2012-10-27 16:41:16,467 - ubuntuone.credentials - DEBUG - ref_count is 1, changing value to 0.
2012-10-27 16:41:16,467 - ubuntuone.credentials - DEBUG - Setting up timer with <built-in function timeout_add> (10000, <bound method CredentialsManagement.shutdown of <ubuntuone.platform.credentials.linux.CredentialsManagement at /credentials at 0x282df90>>).
2012-10-27 16:41:25,227 - ubuntuone.credentials - DEBUG - find_credentials: args (<ubuntuone.platform.credentials.CredentialsManagementTool object at 0x1efd590>,), kwargs {}.
2012-10-27 16:41:25,413 - ubuntuone.credentials - DEBUG - ref_count is 0, changing value to 1.
2012-10-27 16:41:25,440 - ubuntuone.credentials - DEBUG - Handling DBus signal for member: u'CredentialsNotFound', app_name: dbus.String(u'Ubuntu One').
2012-10-27 16:41:25,441 - ubuntuone.credentials - DEBUG - ref_count is 1, changing value to 0.
2012-10-27 16:41:25,441 - ubuntuone.credentials - DEBUG - Setting up timer with <built-in function timeout_add> (10000, <bound method CredentialsManagement.shutdown of <ubuntuone.platform.credentials.linux.CredentialsManagement at /credentials at 0x282df90>>).
2012-10-27 16:41:25,441 - ubuntuone.credentials - INFO - CredentialsManagement: emitting CredentialsNotFound.
2012-10-27 16:41:25,441 - ubuntuone.credentials - DEBUG - cleanup: removing signal match <<class 'dbus.connection.SignalMatch'> at 1ce7f50 "type='signal',sender='com.ubuntuone.Credentials',path='/credentials',interface='com.ubuntuone.CredentialsManagement',member='CredentialsFound'" on conn <dbus._dbus.SessionBus (session) at 0x1e79710>>
2012-10-27 16:41:25,442 - ubuntuone.credentials - DEBUG - cleanup: removing signal match <<class 'dbus.connection.SignalMatch'> at 253e110 "type='signal',sender='com.ubuntuone.Credentials',path='/credentials',interface='com.ubuntuone.CredentialsManagement',member='CredentialsNotFound'" on conn <dbus._dbus.SessionBus (session) at 0x1e79710>>
2012-10-27 16:41:25,442 - ubuntuone.credentials - DEBUG - cleanup: removing signal match <<class 'dbus.connection.SignalMatch'> at 253e290 "type='signal',sender='com.ubuntuone.Credentials',path='/credentials',interface='com.ubuntuone.CredentialsManagement',member='CredentialsError'" on conn <dbus._dbus.SessionBus (session) at 0x1e79710>>
2012-10-27 16:41:26,468 - ubuntuone.credentials - DEBUG - shutdown!, ref_count is 0.
2012-10-27 16:41:26,469 - ubuntuone.credentials - INFO - Shutting down, calling <built-in method quit of glib.MainLoop object at 0x283d0b0>.
2012-10-27 18:15:29,275 - ubuntuone.credentials - DEBUG - find_credentials: args (<ubuntuone.platform.credentials.CredentialsManagementTool object at 0x2e62590>,), kwargs {}.
2012-10-27 18:15:29,568 - ubuntuone.credentials - INFO - Starting Ubuntu One login manager for bus u'com.ubuntuone.Credentials'.
2012-10-27 18:15:29,570 - ubuntuone.credentials - DEBUG - ref_count is 0, changing value to 1.
2012-10-27 18:15:29,920 - ubuntuone.credentials - DEBUG - Handling DBus signal for member: u'CredentialsNotFound', app_name: dbus.String(u'Ubuntu One').
2012-10-27 18:15:29,921 - ubuntuone.credentials - DEBUG - ref_count is 1, changing value to 0.
2012-10-27 18:15:29,921 - ubuntuone.credentials - DEBUG - Setting up timer with <built-in function timeout_add> (10000, <bound method CredentialsManagement.shutdown of <ubuntuone.platform.credentials.linux.CredentialsManagement at /credentials at 0x30adfd0>>).
2012-10-27 18:15:29,921 - ubuntuone.credentials - INFO - CredentialsManagement: emitting CredentialsNotFound.
2012-10-27 18:15:29,921 - ubuntuone.credentials - DEBUG - cleanup: removing signal match <<class 'dbus.connection.SignalMatch'> at 2c63f50 "type='signal',sender='com.ubuntuone.Credentials',path='/credentials',interface='com.ubuntuone.CredentialsManagement',member='CredentialsFound'" on conn <dbus._dbus.SessionBus (session) at 0x2df7710>>
2012-10-27 18:15:29,922 - ubuntuone.credentials - DEBUG - cleanup: removing signal match <<class 'dbus.connection.SignalMatch'> at 34bb110 "type='signal',sender='com.ubuntuone.Credentials',path='/credentials',interface='com.ubuntuone.CredentialsManagement',member='CredentialsNotFound'" on conn <dbus._dbus.SessionBus (session) at 0x2df7710>>
2012-10-27 18:15:29,922 - ubuntuone.credentials - DEBUG - cleanup: removing signal match <<class 'dbus.connection.SignalMatch'> at 34bb290 "type='signal',sender='com.ubuntuone.Credentials',path='/credentials',interface='com.ubuntuone.CredentialsManagement',member='CredentialsError'" on conn <dbus._dbus.SessionBus (session) at 0x2df7710>>
2012-10-27 18:15:39,931 - ubuntuone.credentials - DEBUG - shutdown!, ref_count is 0.
2012-10-27 18:15:39,931 - ubuntuone.credentials - INFO - Shutting down, calling <built-in method quit of glib.MainLoop object at 0x30bd0b0>.
2012-10-27 21:47:17,811 - ubuntuone.credentials - INFO - Starting Ubuntu One login manager for bus u'com.ubuntuone.Credentials'.
2012-10-27 21:47:17,813 - ubuntuone.credentials - DEBUG - ref_count is 0, changing value to 1.
2012-10-27 21:47:17,987 - ubuntuone.credentials - DEBUG - ref_count is 1, changing value to 0.
2012-10-27 21:47:17,987 - ubuntuone.credentials - DEBUG - Setting up timer with <built-in function timeout_add> (10000, <bound method CredentialsManagement.shutdown of <ubuntuone.platform.credentials.linux.CredentialsManagement at /credentials at 0x1a6efd0>>).
2012-10-27 21:47:27,991 - ubuntuone.credentials - DEBUG - shutdown!, ref_count is 0.
2012-10-27 21:47:27,992 - ubuntuone.credentials - INFO - Shutting down, calling <built-in method quit of glib.MainLoop object at 0x1a7e0b0>.
