Making install in include
make[1]: Вход в каталог `/home/kostia/.rvm/src/yaml-0.1.4/include'
make[2]: Вход в каталог `/home/kostia/.rvm/src/yaml-0.1.4/include'
make[2]: Цель `install-exec-am' не требует выполнения команд.
test -z "/home/kostia/.rvm/usr/include" || /bin/mkdir -p "/home/kostia/.rvm/usr/include"
 /usr/bin/install -c -m 644  yaml.h '/home/kostia/.rvm/usr/include/.'
make[2]: Выход из каталога `/home/kostia/.rvm/src/yaml-0.1.4/include'
make[1]: Выход из каталога `/home/kostia/.rvm/src/yaml-0.1.4/include'
Making install in src
make[1]: Вход в каталог `/home/kostia/.rvm/src/yaml-0.1.4/src'
make[2]: Вход в каталог `/home/kostia/.rvm/src/yaml-0.1.4/src'
test -z "/home/kostia/.rvm/usr/lib" || /bin/mkdir -p "/home/kostia/.rvm/usr/lib"
 /bin/bash ../libtool   --mode=install /usr/bin/install -c   libyaml.la '/home/kostia/.rvm/usr/lib'
libtool: install: /usr/bin/install -c .libs/libyaml-0.so.2.0.2 /home/kostia/.rvm/usr/lib/libyaml-0.so.2.0.2
libtool: install: (cd /home/kostia/.rvm/usr/lib && { ln -s -f libyaml-0.so.2.0.2 libyaml-0.so.2 || { rm -f libyaml-0.so.2 && ln -s libyaml-0.so.2.0.2 libyaml-0.so.2; }; })
libtool: install: (cd /home/kostia/.rvm/usr/lib && { ln -s -f libyaml-0.so.2.0.2 libyaml.so || { rm -f libyaml.so && ln -s libyaml-0.so.2.0.2 libyaml.so; }; })
libtool: install: /usr/bin/install -c .libs/libyaml.lai /home/kostia/.rvm/usr/lib/libyaml.la
libtool: install: /usr/bin/install -c .libs/libyaml.a /home/kostia/.rvm/usr/lib/libyaml.a
libtool: install: chmod 644 /home/kostia/.rvm/usr/lib/libyaml.a
libtool: install: ranlib /home/kostia/.rvm/usr/lib/libyaml.a
libtool: finish: PATH="/home/kostia/.rvm/bin:/usr/lib/lightdm/lightdm:/usr/local/sbin:/usr/local/bin:/usr/sbin:/sbin:/bin:/usr/games:/usr/bin:/sbin" ldconfig -n /home/kostia/.rvm/usr/lib
----------------------------------------------------------------------
Libraries have been installed in:
   /home/kostia/.rvm/usr/lib

If you ever happen to want to link against installed libraries
in a given directory, LIBDIR, you must either use libtool, and
specify the full pathname of the library, or use the `-LLIBDIR'
flag during linking and do at least one of the following:
   - add LIBDIR to the `LD_LIBRARY_PATH' environment variable
     during execution
   - add LIBDIR to the `LD_RUN_PATH' environment variable
     during linking
   - use the `-Wl,-rpath -Wl,LIBDIR' linker flag
   - have your system administrator add LIBDIR to `/etc/ld.so.conf'

See any operating system documentation about shared libraries for
more information, such as the ld(1) and ld.so(8) manual pages.
----------------------------------------------------------------------
make[2]: Цель `install-data-am' не требует выполнения команд.
make[2]: Выход из каталога `/home/kostia/.rvm/src/yaml-0.1.4/src'
make[1]: Выход из каталога `/home/kostia/.rvm/src/yaml-0.1.4/src'
Making install in .
make[1]: Вход в каталог `/home/kostia/.rvm/src/yaml-0.1.4'
make[2]: Вход в каталог `/home/kostia/.rvm/src/yaml-0.1.4'
make[2]: Цель `install-exec-am' не требует выполнения команд.
test -z "/home/kostia/.rvm/usr/lib/pkgconfig" || /bin/mkdir -p "/home/kostia/.rvm/usr/lib/pkgconfig"
 /usr/bin/install -c -m 644 yaml-0.1.pc '/home/kostia/.rvm/usr/lib/pkgconfig'
make[2]: Выход из каталога `/home/kostia/.rvm/src/yaml-0.1.4'
make[1]: Выход из каталога `/home/kostia/.rvm/src/yaml-0.1.4'
Making install in tests
make[1]: Вход в каталог `/home/kostia/.rvm/src/yaml-0.1.4/tests'
make[2]: Вход в каталог `/home/kostia/.rvm/src/yaml-0.1.4/tests'
make[2]: Цель `install-exec-am' не требует выполнения команд.
make[2]: Цель `install-data-am' не требует выполнения команд.
make[2]: Выход из каталога `/home/kostia/.rvm/src/yaml-0.1.4/tests'
make[1]: Выход из каталога `/home/kostia/.rvm/src/yaml-0.1.4/tests'
Making install in win32
make[1]: Вход в каталог `/home/kostia/.rvm/src/yaml-0.1.4/win32'
make[2]: Вход в каталог `/home/kostia/.rvm/src/yaml-0.1.4/win32'
make[2]: Цель `install-exec-am' не требует выполнения команд.
make[2]: Цель `install-data-am' не требует выполнения команд.
make[2]: Выход из каталога `/home/kostia/.rvm/src/yaml-0.1.4/win32'
make[1]: Выход из каталога `/home/kostia/.rvm/src/yaml-0.1.4/win32'
